<?xml version="1.0" encoding="UTF-8"?>
<!-- Generated by org.testng.reporters.JUnitXMLReporter -->
<testsuite hostname="Rahul07" ignored="0" name="Track transfer" tests="11" failures="1" timestamp="28 Aug 2018 16:52:22 GMT" time="161.058" errors="0">
  <testcase name="TrackTransferModule" time="62.058" classname="WesternUnion_NZsitePageClass.TrackTransferClass"/>
  <testcase name="EnterWrongMTCNNumber" time="0.598" classname="WesternUnion_NZsitePageClass.TrackTransferClass"/>
  <testcase name="ErrorMessageInString" time="5.823" classname="WesternUnion_NZsitePageClass.TrackTransferClass"/>
  <testcase name="ErrorMessageInNumber" time="0.019" classname="WesternUnion_NZsitePageClass.TrackTransferClass"/>
  <testcase name="EnterCorrectMTCNnumber" time="6.739" classname="WesternUnion_NZsitePageClass.TrackTransferClass"/>
  <testcase name="StatusOfValidMTCNnumber" time="3.022" classname="WesternUnion_NZsitePageClass.TrackTransferClass"/>
  <testcase name="TrackNewTransfer" time="2.392" classname="WesternUnion_NZsitePageClass.TrackTransferClass"/>
  <testcase name="DontHaveMTCNNumber" time="6.539" classname="WesternUnion_NZsitePageClass.TrackTransferClass"/>
  <testcase name="SearchMTCNWithoutMTCNNumber" time="0.002" classname="WesternUnion_NZsitePageClass.TrackTransferClass">
    <skipped/>
  </testcase> <!-- SearchMTCNWithoutMTCNNumber -->
  <testcase name="FailingThisMethod" time="0.002" classname="WesternUnion_NZsitePageClass.TrackTransferClass">
    <failure type="java.lang.AssertionError" message="expected [true] but found [false]">
      <![CDATA[java.lang.AssertionError: expected [true] but found [false]
at WesternUnion_NZsitePageClass.TrackTransferClass.FailingThisMethod(TrackTransferClass.java:138)
... Removed 31 stack frames]]>
    </failure>
  </testcase> <!-- FailingThisMethod -->
  <testcase name="SenderPhoneNumberModule" time="9.803" classname="WesternUnion_NZsitePageClass.TrackTransferClass"/>
</testsuite> <!-- Track transfer -->
