<?xml version="1.0" encoding="UTF-8"?>
<!-- Generated by org.testng.reporters.JUnitXMLReporter -->
<testsuite hostname="Rahul07" ignored="0" name="Registration Flow" tests="1" failures="1" timestamp="27 Aug 2018 17:16:36 GMT" time="117.034" errors="0">
  <testcase name="Register" time="60.865" classname="WesternUnion_NZsitePageClass.RegisterPageClass">
    <failure type="org.openqa.selenium.ElementClickInterceptedException" message="Element &amp;lt;label&amp;gt; is not clickable at point (374.5,329.9666748046875) because another element &amp;lt;input id=&amp;quot;chklegalTermsAndConditions&amp;quot; class=&amp;quot;ng-pristine ng-untouched ng-empty ng-invalid ng-invalid-required&amp;quot; name=&amp;quot;chklegalTermsAndConditions&amp;quot; type=&amp;quot;checkbox&amp;quot;&amp;gt; obscures it
Build info: version: &amp;apos;3.14.0&amp;apos;, revision: &amp;apos;aacccce0&amp;apos;, time: &amp;apos;2018-08-02T20:19:58.91Z&amp;apos;
System info: host: &amp;apos;RAHUL07&amp;apos;, ip: &amp;apos;192.168.43.10&amp;apos;, os.name: &amp;apos;Windows 10&amp;apos;, os.arch: &amp;apos;amd64&amp;apos;, os.version: &amp;apos;10.0&amp;apos;, java.version: &amp;apos;1.8.0_171&amp;apos;
Driver info: org.openqa.selenium.firefox.FirefoxDriver
Capabilities {acceptInsecureCerts: true, browserName: firefox, browserVersion: 61.0.2, javascriptEnabled: true, moz:accessibilityChecks: false, moz:headless: false, moz:processID: 13332, moz:profile: C:\Users\Rahul\AppData\Loca..., moz:useNonSpecCompliantPointerOrigin: false, moz:webdriverClick: true, pageLoadStrategy: normal, platform: XP, platformName: XP, platformVersion: 10.0, rotatable: false, timeouts: {implicit: 0, pageLoad: 300000, script: 30000}}
Session ID: 8a9d9e1a-c5bd-4dba-8993-61f12131f0de">
      <![CDATA[org.openqa.selenium.ElementClickInterceptedException: Element <label> is not clickable at point (374.5,329.9666748046875) because another element <input id="chklegalTermsAndConditions" class="ng-pristine ng-untouched ng-empty ng-invalid ng-invalid-required" name="chklegalTermsAndConditions" type="checkbox"> obscures it
Build info: version: '3.14.0', revision: 'aacccce0', time: '2018-08-02T20:19:58.91Z'
System info: host: 'RAHUL07', ip: '192.168.43.10', os.name: 'Windows 10', os.arch: 'amd64', os.version: '10.0', java.version: '1.8.0_171'
Driver info: org.openqa.selenium.firefox.FirefoxDriver
Capabilities {acceptInsecureCerts: true, browserName: firefox, browserVersion: 61.0.2, javascriptEnabled: true, moz:accessibilityChecks: false, moz:headless: false, moz:processID: 13332, moz:profile: C:\Users\Rahul\AppData\Loca..., moz:useNonSpecCompliantPointerOrigin: false, moz:webdriverClick: true, pageLoadStrategy: normal, platform: XP, platformName: XP, platformVersion: 10.0, rotatable: false, timeouts: {implicit: 0, pageLoad: 300000, script: 30000}}
Session ID: 8a9d9e1a-c5bd-4dba-8993-61f12131f0de
at org.openqa.selenium.remote.http.W3CHttpResponseCodec.createException(W3CHttpResponseCodec.java:187)
at org.openqa.selenium.remote.http.W3CHttpResponseCodec.decode(W3CHttpResponseCodec.java:122)
at org.openqa.selenium.remote.http.W3CHttpResponseCodec.decode(W3CHttpResponseCodec.java:49)
at org.openqa.selenium.remote.HttpCommandExecutor.execute(HttpCommandExecutor.java:158)
at org.openqa.selenium.remote.service.DriverCommandExecutor.execute(DriverCommandExecutor.java:83)
at org.openqa.selenium.remote.RemoteWebDriver.execute(RemoteWebDriver.java:548)
at org.openqa.selenium.remote.RemoteWebElement.execute(RemoteWebElement.java:276)
at org.openqa.selenium.remote.RemoteWebElement.click(RemoteWebElement.java:83)
at org.openqa.selenium.support.pagefactory.internal.LocatingElementHandler.invoke(LocatingElementHandler.java:51)
at com.sun.proxy.$Proxy9.click(Unknown Source)
at WesternUnion_NZsitePage.RegisterPage.Registration(RegisterPage.java:176)
at WesternUnion_NZsitePageClass.RegisterPageClass.Register(RegisterPageClass.java:17)
... Removed 33 stack frames]]>
    </failure>
  </testcase> <!-- Register -->
</testsuite> <!-- Registration Flow -->
